ERROR - 2025-02-07 00:15:06 --> Error connecting to the database: mysqli_sql_exception: No connection could be made because the target machine actively refused it in C:\wamp64\www\palava_hut\system\Database\MySQLi\Connection.php:201
Stack trace:
#0 C:\wamp64\www\palava_hut\system\Database\MySQLi\Connection.php(201): mysqli->real_connect('localhost', '', Object(SensitiveParameterValue), '', 3306, '', 0)
#1 C:\wamp64\www\palava_hut\system\Database\BaseConnection.php(421): CodeIgniter\Database\MySQLi\Connection->connect(false)
#2 C:\wamp64\www\palava_hut\system\Database\Database.php(72): CodeIgniter\Database\BaseConnection->initialize()
#3 C:\wamp64\www\palava_hut\system\Database\Config.php(111): CodeIgniter\Database\Database->loadForge(Object(CodeIgniter\Database\MySQLi\Connection))
#4 C:\wamp64\www\palava_hut\system\Database\Seeder.php(98): CodeIgniter\Database\Config::forge(NULL)
#5 C:\wamp64\www\palava_hut\system\Commands\Database\Seed.php(71): CodeIgniter\Database\Seeder->__construct(Object(Config\Database))
#6 C:\wamp64\www\palava_hut\system\CLI\Commands.php(70): CodeIgniter\Commands\Database\Seed->run(Array)
#7 C:\wamp64\www\palava_hut\system\CLI\Console.php(48): CodeIgniter\CLI\Commands->run('db:seed', Array)
#8 C:\wamp64\www\palava_hut\system\Boot.php(360): CodeIgniter\CLI\Console->run()
#9 C:\wamp64\www\palava_hut\system\Boot.php(104): CodeIgniter\Boot::runCommand(Object(CodeIgniter\CLI\Console))
#10 C:\wamp64\www\palava_hut\spark(84): CodeIgniter\Boot::bootSpark(Object(Config\Paths))
#11 {main}

Next CodeIgniter\Database\Exceptions\DatabaseException: No connection could be made because the target machine actively refused it in C:\wamp64\www\palava_hut\system\Database\MySQLi\Connection.php:246
Stack trace:
#0 C:\wamp64\www\palava_hut\system\Database\BaseConnection.php(421): CodeIgniter\Database\MySQLi\Connection->connect(false)
#1 C:\wamp64\www\palava_hut\system\Database\Database.php(72): CodeIgniter\Database\BaseConnection->initialize()
#2 C:\wamp64\www\palava_hut\system\Database\Config.php(111): CodeIgniter\Database\Database->loadForge(Object(CodeIgniter\Database\MySQLi\Connection))
#3 C:\wamp64\www\palava_hut\system\Database\Seeder.php(98): CodeIgniter\Database\Config::forge(NULL)
#4 C:\wamp64\www\palava_hut\system\Commands\Database\Seed.php(71): CodeIgniter\Database\Seeder->__construct(Object(Config\Database))
#5 C:\wamp64\www\palava_hut\system\CLI\Commands.php(70): CodeIgniter\Commands\Database\Seed->run(Array)
#6 C:\wamp64\www\palava_hut\system\CLI\Console.php(48): CodeIgniter\CLI\Commands->run('db:seed', Array)
#7 C:\wamp64\www\palava_hut\system\Boot.php(360): CodeIgniter\CLI\Console->run()
#8 C:\wamp64\www\palava_hut\system\Boot.php(104): CodeIgniter\Boot::runCommand(Object(CodeIgniter\CLI\Console))
#9 C:\wamp64\www\palava_hut\spark(84): CodeIgniter\Boot::bootSpark(Object(Config\Paths))
#10 {main}
CRITICAL - 2025-02-07 00:15:06 --> CodeIgniter\Database\Exceptions\DatabaseException: Unable to connect to the database.
Main connection [MySQLi]: No connection could be made because the target machine actively refused it
[Method: CLI, Route: db:seed/UserSeeder]
in SYSTEMPATH\Database\BaseConnection.php on line 467.
 1 SYSTEMPATH\Database\Database.php(72): CodeIgniter\Database\BaseConnection->initialize()
 2 SYSTEMPATH\Database\Config.php(111): CodeIgniter\Database\Database->loadForge(Object(CodeIgniter\Database\MySQLi\Connection))
 3 SYSTEMPATH\Database\Seeder.php(98): CodeIgniter\Database\Config::forge(null)
 4 SYSTEMPATH\Commands\Database\Seed.php(71): CodeIgniter\Database\Seeder->__construct(Object(Config\Database))
 5 SYSTEMPATH\CLI\Commands.php(70): CodeIgniter\Commands\Database\Seed->run([...])
 6 SYSTEMPATH\CLI\Console.php(48): CodeIgniter\CLI\Commands->run('db:seed', [...])
 7 SYSTEMPATH\Boot.php(360): CodeIgniter\CLI\Console->run()
 8 SYSTEMPATH\Boot.php(104): CodeIgniter\Boot::runCommand(Object(CodeIgniter\CLI\Console))
 9 ROOTPATH\spark(84): CodeIgniter\Boot::bootSpark(Object(Config\Paths))
ERROR - 2025-02-07 00:30:56 --> Error connecting to the database: mysqli_sql_exception: Access denied for user ''@'localhost' (using password: NO) in C:\wamp64\www\palava_hut\system\Database\MySQLi\Connection.php:201
Stack trace:
#0 C:\wamp64\www\palava_hut\system\Database\MySQLi\Connection.php(201): mysqli->real_connect('localhost', '', Object(SensitiveParameterValue), '', 3306, '', 0)
#1 C:\wamp64\www\palava_hut\system\Database\BaseConnection.php(421): CodeIgniter\Database\MySQLi\Connection->connect(false)
#2 C:\wamp64\www\palava_hut\system\Database\BaseConnection.php(620): CodeIgniter\Database\BaseConnection->initialize()
#3 C:\wamp64\www\palava_hut\system\Database\BaseConnection.php(1525): CodeIgniter\Database\BaseConnection->query('SHOW TABLES FRO...')
#4 C:\wamp64\www\palava_hut\system\Database\BaseConnection.php(1545): CodeIgniter\Database\BaseConnection->listTables()
#5 C:\wamp64\www\palava_hut\system\Database\MigrationRunner.php(758): CodeIgniter\Database\BaseConnection->tableExists('migrations')
#6 C:\wamp64\www\palava_hut\system\Database\MigrationRunner.php(162): CodeIgniter\Database\MigrationRunner->ensureTable()
#7 C:\wamp64\www\palava_hut\system\Commands\Database\Migrate.php(85): CodeIgniter\Database\MigrationRunner->latest(NULL)
#8 C:\wamp64\www\palava_hut\system\CLI\Commands.php(70): CodeIgniter\Commands\Database\Migrate->run(Array)
#9 C:\wamp64\www\palava_hut\system\CLI\Console.php(48): CodeIgniter\CLI\Commands->run('migrate', Array)
#10 C:\wamp64\www\palava_hut\system\Boot.php(360): CodeIgniter\CLI\Console->run()
#11 C:\wamp64\www\palava_hut\system\Boot.php(104): CodeIgniter\Boot::runCommand(Object(CodeIgniter\CLI\Console))
#12 C:\wamp64\www\palava_hut\spark(84): CodeIgniter\Boot::bootSpark(Object(Config\Paths))
#13 {main}

Next CodeIgniter\Database\Exceptions\DatabaseException: Access denied for user ''@'localhost' (using password: NO) in C:\wamp64\www\palava_hut\system\Database\MySQLi\Connection.php:246
Stack trace:
#0 C:\wamp64\www\palava_hut\system\Database\BaseConnection.php(421): CodeIgniter\Database\MySQLi\Connection->connect(false)
#1 C:\wamp64\www\palava_hut\system\Database\BaseConnection.php(620): CodeIgniter\Database\BaseConnection->initialize()
#2 C:\wamp64\www\palava_hut\system\Database\BaseConnection.php(1525): CodeIgniter\Database\BaseConnection->query('SHOW TABLES FRO...')
#3 C:\wamp64\www\palava_hut\system\Database\BaseConnection.php(1545): CodeIgniter\Database\BaseConnection->listTables()
#4 C:\wamp64\www\palava_hut\system\Database\MigrationRunner.php(758): CodeIgniter\Database\BaseConnection->tableExists('migrations')
#5 C:\wamp64\www\palava_hut\system\Database\MigrationRunner.php(162): CodeIgniter\Database\MigrationRunner->ensureTable()
#6 C:\wamp64\www\palava_hut\system\Commands\Database\Migrate.php(85): CodeIgniter\Database\MigrationRunner->latest(NULL)
#7 C:\wamp64\www\palava_hut\system\CLI\Commands.php(70): CodeIgniter\Commands\Database\Migrate->run(Array)
#8 C:\wamp64\www\palava_hut\system\CLI\Console.php(48): CodeIgniter\CLI\Commands->run('migrate', Array)
#9 C:\wamp64\www\palava_hut\system\Boot.php(360): CodeIgniter\CLI\Console->run()
#10 C:\wamp64\www\palava_hut\system\Boot.php(104): CodeIgniter\Boot::runCommand(Object(CodeIgniter\CLI\Console))
#11 C:\wamp64\www\palava_hut\spark(84): CodeIgniter\Boot::bootSpark(Object(Config\Paths))
#12 {main}
ERROR - 2025-02-07 00:33:14 --> Error connecting to the database: mysqli_sql_exception: Access denied for user ''@'localhost' (using password: NO) in C:\wamp64\www\palava_hut\system\Database\MySQLi\Connection.php:201
Stack trace:
#0 C:\wamp64\www\palava_hut\system\Database\MySQLi\Connection.php(201): mysqli->real_connect('localhost', '', Object(SensitiveParameterValue), '', 3306, '', 0)
#1 C:\wamp64\www\palava_hut\system\Database\BaseConnection.php(421): CodeIgniter\Database\MySQLi\Connection->connect(false)
#2 C:\wamp64\www\palava_hut\system\Database\BaseConnection.php(620): CodeIgniter\Database\BaseConnection->initialize()
#3 C:\wamp64\www\palava_hut\system\Database\BaseConnection.php(1525): CodeIgniter\Database\BaseConnection->query('SHOW TABLES FRO...')
#4 C:\wamp64\www\palava_hut\system\Database\BaseConnection.php(1545): CodeIgniter\Database\BaseConnection->listTables()
#5 C:\wamp64\www\palava_hut\system\Database\MigrationRunner.php(758): CodeIgniter\Database\BaseConnection->tableExists('migrations')
#6 C:\wamp64\www\palava_hut\system\Database\MigrationRunner.php(162): CodeIgniter\Database\MigrationRunner->ensureTable()
#7 C:\wamp64\www\palava_hut\system\Commands\Database\Migrate.php(85): CodeIgniter\Database\MigrationRunner->latest(NULL)
#8 C:\wamp64\www\palava_hut\system\CLI\Commands.php(70): CodeIgniter\Commands\Database\Migrate->run(Array)
#9 C:\wamp64\www\palava_hut\system\CLI\Console.php(48): CodeIgniter\CLI\Commands->run('migrate', Array)
#10 C:\wamp64\www\palava_hut\system\Boot.php(360): CodeIgniter\CLI\Console->run()
#11 C:\wamp64\www\palava_hut\system\Boot.php(104): CodeIgniter\Boot::runCommand(Object(CodeIgniter\CLI\Console))
#12 C:\wamp64\www\palava_hut\spark(84): CodeIgniter\Boot::bootSpark(Object(Config\Paths))
#13 {main}

Next CodeIgniter\Database\Exceptions\DatabaseException: Access denied for user ''@'localhost' (using password: NO) in C:\wamp64\www\palava_hut\system\Database\MySQLi\Connection.php:246
Stack trace:
#0 C:\wamp64\www\palava_hut\system\Database\BaseConnection.php(421): CodeIgniter\Database\MySQLi\Connection->connect(false)
#1 C:\wamp64\www\palava_hut\system\Database\BaseConnection.php(620): CodeIgniter\Database\BaseConnection->initialize()
#2 C:\wamp64\www\palava_hut\system\Database\BaseConnection.php(1525): CodeIgniter\Database\BaseConnection->query('SHOW TABLES FRO...')
#3 C:\wamp64\www\palava_hut\system\Database\BaseConnection.php(1545): CodeIgniter\Database\BaseConnection->listTables()
#4 C:\wamp64\www\palava_hut\system\Database\MigrationRunner.php(758): CodeIgniter\Database\BaseConnection->tableExists('migrations')
#5 C:\wamp64\www\palava_hut\system\Database\MigrationRunner.php(162): CodeIgniter\Database\MigrationRunner->ensureTable()
#6 C:\wamp64\www\palava_hut\system\Commands\Database\Migrate.php(85): CodeIgniter\Database\MigrationRunner->latest(NULL)
#7 C:\wamp64\www\palava_hut\system\CLI\Commands.php(70): CodeIgniter\Commands\Database\Migrate->run(Array)
#8 C:\wamp64\www\palava_hut\system\CLI\Console.php(48): CodeIgniter\CLI\Commands->run('migrate', Array)
#9 C:\wamp64\www\palava_hut\system\Boot.php(360): CodeIgniter\CLI\Console->run()
#10 C:\wamp64\www\palava_hut\system\Boot.php(104): CodeIgniter\Boot::runCommand(Object(CodeIgniter\CLI\Console))
#11 C:\wamp64\www\palava_hut\spark(84): CodeIgniter\Boot::bootSpark(Object(Config\Paths))
#12 {main}
ERROR - 2025-02-07 00:34:46 --> Error connecting to the database: mysqli_sql_exception: Access denied for user ''@'localhost' (using password: NO) in C:\wamp64\www\palava_hut\system\Database\MySQLi\Connection.php:201
Stack trace:
#0 C:\wamp64\www\palava_hut\system\Database\MySQLi\Connection.php(201): mysqli->real_connect('localhost', '', Object(SensitiveParameterValue), '', 3306, '', 0)
#1 C:\wamp64\www\palava_hut\system\Database\BaseConnection.php(421): CodeIgniter\Database\MySQLi\Connection->connect(false)
#2 C:\wamp64\www\palava_hut\system\Database\BaseConnection.php(620): CodeIgniter\Database\BaseConnection->initialize()
#3 C:\wamp64\www\palava_hut\system\Database\BaseConnection.php(1525): CodeIgniter\Database\BaseConnection->query('SHOW TABLES FRO...')
#4 C:\wamp64\www\palava_hut\system\Database\BaseConnection.php(1545): CodeIgniter\Database\BaseConnection->listTables()
#5 C:\wamp64\www\palava_hut\system\Database\MigrationRunner.php(758): CodeIgniter\Database\BaseConnection->tableExists('migrations')
#6 C:\wamp64\www\palava_hut\system\Database\MigrationRunner.php(162): CodeIgniter\Database\MigrationRunner->ensureTable()
#7 C:\wamp64\www\palava_hut\system\Commands\Database\Migrate.php(85): CodeIgniter\Database\MigrationRunner->latest(NULL)
#8 C:\wamp64\www\palava_hut\system\CLI\Commands.php(70): CodeIgniter\Commands\Database\Migrate->run(Array)
#9 C:\wamp64\www\palava_hut\system\CLI\Console.php(48): CodeIgniter\CLI\Commands->run('migrate', Array)
#10 C:\wamp64\www\palava_hut\system\Boot.php(360): CodeIgniter\CLI\Console->run()
#11 C:\wamp64\www\palava_hut\system\Boot.php(104): CodeIgniter\Boot::runCommand(Object(CodeIgniter\CLI\Console))
#12 C:\wamp64\www\palava_hut\spark(84): CodeIgniter\Boot::bootSpark(Object(Config\Paths))
#13 {main}

Next CodeIgniter\Database\Exceptions\DatabaseException: Access denied for user ''@'localhost' (using password: NO) in C:\wamp64\www\palava_hut\system\Database\MySQLi\Connection.php:246
Stack trace:
#0 C:\wamp64\www\palava_hut\system\Database\BaseConnection.php(421): CodeIgniter\Database\MySQLi\Connection->connect(false)
#1 C:\wamp64\www\palava_hut\system\Database\BaseConnection.php(620): CodeIgniter\Database\BaseConnection->initialize()
#2 C:\wamp64\www\palava_hut\system\Database\BaseConnection.php(1525): CodeIgniter\Database\BaseConnection->query('SHOW TABLES FRO...')
#3 C:\wamp64\www\palava_hut\system\Database\BaseConnection.php(1545): CodeIgniter\Database\BaseConnection->listTables()
#4 C:\wamp64\www\palava_hut\system\Database\MigrationRunner.php(758): CodeIgniter\Database\BaseConnection->tableExists('migrations')
#5 C:\wamp64\www\palava_hut\system\Database\MigrationRunner.php(162): CodeIgniter\Database\MigrationRunner->ensureTable()
#6 C:\wamp64\www\palava_hut\system\Commands\Database\Migrate.php(85): CodeIgniter\Database\MigrationRunner->latest(NULL)
#7 C:\wamp64\www\palava_hut\system\CLI\Commands.php(70): CodeIgniter\Commands\Database\Migrate->run(Array)
#8 C:\wamp64\www\palava_hut\system\CLI\Console.php(48): CodeIgniter\CLI\Commands->run('migrate', Array)
#9 C:\wamp64\www\palava_hut\system\Boot.php(360): CodeIgniter\CLI\Console->run()
#10 C:\wamp64\www\palava_hut\system\Boot.php(104): CodeIgniter\Boot::runCommand(Object(CodeIgniter\CLI\Console))
#11 C:\wamp64\www\palava_hut\spark(84): CodeIgniter\Boot::bootSpark(Object(Config\Paths))
#12 {main}
ERROR - 2025-02-07 00:36:16 --> Error connecting to the database: mysqli_sql_exception: Access denied for user ''@'localhost' (using password: NO) in C:\wamp64\www\palava_hut\system\Database\MySQLi\Connection.php:201
Stack trace:
#0 C:\wamp64\www\palava_hut\system\Database\MySQLi\Connection.php(201): mysqli->real_connect('localhost', '', Object(SensitiveParameterValue), '', 3306, '', 0)
#1 C:\wamp64\www\palava_hut\system\Database\BaseConnection.php(421): CodeIgniter\Database\MySQLi\Connection->connect(false)
#2 C:\wamp64\www\palava_hut\system\Database\BaseConnection.php(620): CodeIgniter\Database\BaseConnection->initialize()
#3 C:\wamp64\www\palava_hut\system\Database\BaseConnection.php(1525): CodeIgniter\Database\BaseConnection->query('SHOW TABLES FRO...')
#4 C:\wamp64\www\palava_hut\system\Database\BaseConnection.php(1545): CodeIgniter\Database\BaseConnection->listTables()
#5 C:\wamp64\www\palava_hut\system\Database\MigrationRunner.php(758): CodeIgniter\Database\BaseConnection->tableExists('migrations')
#6 C:\wamp64\www\palava_hut\system\Database\MigrationRunner.php(162): CodeIgniter\Database\MigrationRunner->ensureTable()
#7 C:\wamp64\www\palava_hut\system\Commands\Database\Migrate.php(85): CodeIgniter\Database\MigrationRunner->latest(NULL)
#8 C:\wamp64\www\palava_hut\system\CLI\Commands.php(70): CodeIgniter\Commands\Database\Migrate->run(Array)
#9 C:\wamp64\www\palava_hut\system\CLI\Console.php(48): CodeIgniter\CLI\Commands->run('migrate', Array)
#10 C:\wamp64\www\palava_hut\system\Boot.php(360): CodeIgniter\CLI\Console->run()
#11 C:\wamp64\www\palava_hut\system\Boot.php(104): CodeIgniter\Boot::runCommand(Object(CodeIgniter\CLI\Console))
#12 C:\wamp64\www\palava_hut\spark(84): CodeIgniter\Boot::bootSpark(Object(Config\Paths))
#13 {main}

Next CodeIgniter\Database\Exceptions\DatabaseException: Access denied for user ''@'localhost' (using password: NO) in C:\wamp64\www\palava_hut\system\Database\MySQLi\Connection.php:246
Stack trace:
#0 C:\wamp64\www\palava_hut\system\Database\BaseConnection.php(421): CodeIgniter\Database\MySQLi\Connection->connect(false)
#1 C:\wamp64\www\palava_hut\system\Database\BaseConnection.php(620): CodeIgniter\Database\BaseConnection->initialize()
#2 C:\wamp64\www\palava_hut\system\Database\BaseConnection.php(1525): CodeIgniter\Database\BaseConnection->query('SHOW TABLES FRO...')
#3 C:\wamp64\www\palava_hut\system\Database\BaseConnection.php(1545): CodeIgniter\Database\BaseConnection->listTables()
#4 C:\wamp64\www\palava_hut\system\Database\MigrationRunner.php(758): CodeIgniter\Database\BaseConnection->tableExists('migrations')
#5 C:\wamp64\www\palava_hut\system\Database\MigrationRunner.php(162): CodeIgniter\Database\MigrationRunner->ensureTable()
#6 C:\wamp64\www\palava_hut\system\Commands\Database\Migrate.php(85): CodeIgniter\Database\MigrationRunner->latest(NULL)
#7 C:\wamp64\www\palava_hut\system\CLI\Commands.php(70): CodeIgniter\Commands\Database\Migrate->run(Array)
#8 C:\wamp64\www\palava_hut\system\CLI\Console.php(48): CodeIgniter\CLI\Commands->run('migrate', Array)
#9 C:\wamp64\www\palava_hut\system\Boot.php(360): CodeIgniter\CLI\Console->run()
#10 C:\wamp64\www\palava_hut\system\Boot.php(104): CodeIgniter\Boot::runCommand(Object(CodeIgniter\CLI\Console))
#11 C:\wamp64\www\palava_hut\spark(84): CodeIgniter\Boot::bootSpark(Object(Config\Paths))
#12 {main}
ERROR - 2025-02-07 00:38:44 --> mysqli_sql_exception: You have an error in your SQL syntax; check the manual that corresponds to your MySQL server version for the right syntax to use near '' at line 1 in C:\wamp64\www\palava_hut\system\Database\MySQLi\Connection.php:327
Stack trace:
#0 C:\wamp64\www\palava_hut\system\Database\MySQLi\Connection.php(327): mysqli->query('SHOW TABLES FRO...', 0)
#1 C:\wamp64\www\palava_hut\system\Database\BaseConnection.php(738): CodeIgniter\Database\MySQLi\Connection->execute('SHOW TABLES FRO...')
#2 C:\wamp64\www\palava_hut\system\Database\BaseConnection.php(652): CodeIgniter\Database\BaseConnection->simpleQuery('SHOW TABLES FRO...')
#3 C:\wamp64\www\palava_hut\system\Database\BaseConnection.php(1525): CodeIgniter\Database\BaseConnection->query('SHOW TABLES FRO...')
#4 C:\wamp64\www\palava_hut\system\Database\BaseConnection.php(1545): CodeIgniter\Database\BaseConnection->listTables()
#5 C:\wamp64\www\palava_hut\system\Database\MigrationRunner.php(758): CodeIgniter\Database\BaseConnection->tableExists('migrations')
#6 C:\wamp64\www\palava_hut\system\Database\MigrationRunner.php(162): CodeIgniter\Database\MigrationRunner->ensureTable()
#7 C:\wamp64\www\palava_hut\system\Commands\Database\Migrate.php(85): CodeIgniter\Database\MigrationRunner->latest(NULL)
#8 C:\wamp64\www\palava_hut\system\CLI\Commands.php(70): CodeIgniter\Commands\Database\Migrate->run(Array)
#9 C:\wamp64\www\palava_hut\system\CLI\Console.php(48): CodeIgniter\CLI\Commands->run('migrate', Array)
#10 C:\wamp64\www\palava_hut\system\Boot.php(360): CodeIgniter\CLI\Console->run()
#11 C:\wamp64\www\palava_hut\system\Boot.php(104): CodeIgniter\Boot::runCommand(Object(CodeIgniter\CLI\Console))
#12 C:\wamp64\www\palava_hut\spark(84): CodeIgniter\Boot::bootSpark(Object(Config\Paths))
#13 {main}
ERROR - 2025-02-07 00:39:11 --> mysqli_sql_exception: You have an error in your SQL syntax; check the manual that corresponds to your MariaDB server version for the right syntax to use near '' at line 1 in C:\wamp64\www\palava_hut\system\Database\MySQLi\Connection.php:327
Stack trace:
#0 C:\wamp64\www\palava_hut\system\Database\MySQLi\Connection.php(327): mysqli->query('SHOW TABLES FRO...', 0)
#1 C:\wamp64\www\palava_hut\system\Database\BaseConnection.php(738): CodeIgniter\Database\MySQLi\Connection->execute('SHOW TABLES FRO...')
#2 C:\wamp64\www\palava_hut\system\Database\BaseConnection.php(652): CodeIgniter\Database\BaseConnection->simpleQuery('SHOW TABLES FRO...')
#3 C:\wamp64\www\palava_hut\system\Database\BaseConnection.php(1525): CodeIgniter\Database\BaseConnection->query('SHOW TABLES FRO...')
#4 C:\wamp64\www\palava_hut\system\Database\BaseConnection.php(1545): CodeIgniter\Database\BaseConnection->listTables()
#5 C:\wamp64\www\palava_hut\system\Database\MigrationRunner.php(758): CodeIgniter\Database\BaseConnection->tableExists('migrations')
#6 C:\wamp64\www\palava_hut\system\Database\MigrationRunner.php(162): CodeIgniter\Database\MigrationRunner->ensureTable()
#7 C:\wamp64\www\palava_hut\system\Commands\Database\Migrate.php(85): CodeIgniter\Database\MigrationRunner->latest(NULL)
#8 C:\wamp64\www\palava_hut\system\CLI\Commands.php(70): CodeIgniter\Commands\Database\Migrate->run(Array)
#9 C:\wamp64\www\palava_hut\system\CLI\Console.php(48): CodeIgniter\CLI\Commands->run('migrate', Array)
#10 C:\wamp64\www\palava_hut\system\Boot.php(360): CodeIgniter\CLI\Console->run()
#11 C:\wamp64\www\palava_hut\system\Boot.php(104): CodeIgniter\Boot::runCommand(Object(CodeIgniter\CLI\Console))
#12 C:\wamp64\www\palava_hut\spark(84): CodeIgniter\Boot::bootSpark(Object(Config\Paths))
#13 {main}
ERROR - 2025-02-07 00:40:25 --> mysqli_sql_exception: Invalid default value for 'created_at' in C:\wamp64\www\palava_hut\system\Database\MySQLi\Connection.php:327
Stack trace:
#0 C:\wamp64\www\palava_hut\system\Database\MySQLi\Connection.php(327): mysqli->query('CREATE TABLE `u...', 0)
#1 C:\wamp64\www\palava_hut\system\Database\BaseConnection.php(738): CodeIgniter\Database\MySQLi\Connection->execute('CREATE TABLE `u...')
#2 C:\wamp64\www\palava_hut\system\Database\BaseConnection.php(652): CodeIgniter\Database\BaseConnection->simpleQuery('CREATE TABLE `u...')
#3 C:\wamp64\www\palava_hut\system\Database\Forge.php(570): CodeIgniter\Database\BaseConnection->query('CREATE TABLE `u...')
#4 C:\wamp64\www\palava_hut\app\Database\Migrations\2023-01-01-000000_CreateUsersTable.php(54): CodeIgniter\Database\Forge->createTable('users')
#5 C:\wamp64\www\palava_hut\system\Database\MigrationRunner.php(866): App\Database\Migrations\CreateUsersTable->up()
#6 C:\wamp64\www\palava_hut\system\Database\MigrationRunner.php(182): CodeIgniter\Database\MigrationRunner->migrate('up', Object(stdClass))
#7 C:\wamp64\www\palava_hut\system\Commands\Database\Migrate.php(85): CodeIgniter\Database\MigrationRunner->latest(NULL)
#8 C:\wamp64\www\palava_hut\system\CLI\Commands.php(70): CodeIgniter\Commands\Database\Migrate->run(Array)
#9 C:\wamp64\www\palava_hut\system\CLI\Console.php(48): CodeIgniter\CLI\Commands->run('migrate', Array)
#10 C:\wamp64\www\palava_hut\system\Boot.php(360): CodeIgniter\CLI\Console->run()
#11 C:\wamp64\www\palava_hut\system\Boot.php(104): CodeIgniter\Boot::runCommand(Object(CodeIgniter\CLI\Console))
#12 C:\wamp64\www\palava_hut\spark(84): CodeIgniter\Boot::bootSpark(Object(Config\Paths))
#13 {main}
ERROR - 2025-02-07 00:43:50 --> mysqli_sql_exception: Invalid default value for 'created_at' in C:\wamp64\www\palava_hut\system\Database\MySQLi\Connection.php:327
Stack trace:
#0 C:\wamp64\www\palava_hut\system\Database\MySQLi\Connection.php(327): mysqli->query('CREATE TABLE `u...', 0)
#1 C:\wamp64\www\palava_hut\system\Database\BaseConnection.php(738): CodeIgniter\Database\MySQLi\Connection->execute('CREATE TABLE `u...')
#2 C:\wamp64\www\palava_hut\system\Database\BaseConnection.php(652): CodeIgniter\Database\BaseConnection->simpleQuery('CREATE TABLE `u...')
#3 C:\wamp64\www\palava_hut\system\Database\Forge.php(570): CodeIgniter\Database\BaseConnection->query('CREATE TABLE `u...')
#4 C:\wamp64\www\palava_hut\app\Database\Migrations\2023-01-01-000000_CreateUsersTable.php(54): CodeIgniter\Database\Forge->createTable('users')
#5 C:\wamp64\www\palava_hut\system\Database\MigrationRunner.php(866): App\Database\Migrations\CreateUsersTable->up()
#6 C:\wamp64\www\palava_hut\system\Database\MigrationRunner.php(182): CodeIgniter\Database\MigrationRunner->migrate('up', Object(stdClass))
#7 C:\wamp64\www\palava_hut\system\Commands\Database\Migrate.php(85): CodeIgniter\Database\MigrationRunner->latest(NULL)
#8 C:\wamp64\www\palava_hut\system\CLI\Commands.php(70): CodeIgniter\Commands\Database\Migrate->run(Array)
#9 C:\wamp64\www\palava_hut\system\CLI\Console.php(48): CodeIgniter\CLI\Commands->run('migrate', Array)
#10 C:\wamp64\www\palava_hut\system\Boot.php(360): CodeIgniter\CLI\Console->run()
#11 C:\wamp64\www\palava_hut\system\Boot.php(104): CodeIgniter\Boot::runCommand(Object(CodeIgniter\CLI\Console))
#12 C:\wamp64\www\palava_hut\spark(84): CodeIgniter\Boot::bootSpark(Object(Config\Paths))
#13 {main}
ERROR - 2025-02-07 00:53:36 --> mysqli_sql_exception: Invalid default value for 'created_at' in C:\wamp64\www\palava_hut\system\Database\MySQLi\Connection.php:327
Stack trace:
#0 C:\wamp64\www\palava_hut\system\Database\MySQLi\Connection.php(327): mysqli->query('CREATE TABLE `u...', 0)
#1 C:\wamp64\www\palava_hut\system\Database\BaseConnection.php(738): CodeIgniter\Database\MySQLi\Connection->execute('CREATE TABLE `u...')
#2 C:\wamp64\www\palava_hut\system\Database\BaseConnection.php(652): CodeIgniter\Database\BaseConnection->simpleQuery('CREATE TABLE `u...')
#3 C:\wamp64\www\palava_hut\system\Database\Forge.php(570): CodeIgniter\Database\BaseConnection->query('CREATE TABLE `u...')
#4 C:\wamp64\www\palava_hut\app\Database\Migrations\2023-01-01-000000_CreateUsersTable.php(54): CodeIgniter\Database\Forge->createTable('users')
#5 C:\wamp64\www\palava_hut\system\Database\MigrationRunner.php(866): App\Database\Migrations\CreateUsersTable->up()
#6 C:\wamp64\www\palava_hut\system\Database\MigrationRunner.php(182): CodeIgniter\Database\MigrationRunner->migrate('up', Object(stdClass))
#7 C:\wamp64\www\palava_hut\system\Commands\Database\Migrate.php(85): CodeIgniter\Database\MigrationRunner->latest(NULL)
#8 C:\wamp64\www\palava_hut\system\CLI\Commands.php(70): CodeIgniter\Commands\Database\Migrate->run(Array)
#9 C:\wamp64\www\palava_hut\system\CLI\Console.php(48): CodeIgniter\CLI\Commands->run('migrate', Array)
#10 C:\wamp64\www\palava_hut\system\Boot.php(360): CodeIgniter\CLI\Console->run()
#11 C:\wamp64\www\palava_hut\system\Boot.php(104): CodeIgniter\Boot::runCommand(Object(CodeIgniter\CLI\Console))
#12 C:\wamp64\www\palava_hut\spark(84): CodeIgniter\Boot::bootSpark(Object(Config\Paths))
#13 {main}
ERROR - 2025-02-07 00:56:46 --> mysqli_sql_exception: Invalid default value for 'created_at' in C:\wamp64\www\palava_hut\system\Database\MySQLi\Connection.php:327
Stack trace:
#0 C:\wamp64\www\palava_hut\system\Database\MySQLi\Connection.php(327): mysqli->query('CREATE TABLE `u...', 0)
#1 C:\wamp64\www\palava_hut\system\Database\BaseConnection.php(738): CodeIgniter\Database\MySQLi\Connection->execute('CREATE TABLE `u...')
#2 C:\wamp64\www\palava_hut\system\Database\BaseConnection.php(652): CodeIgniter\Database\BaseConnection->simpleQuery('CREATE TABLE `u...')
#3 C:\wamp64\www\palava_hut\system\Database\Forge.php(570): CodeIgniter\Database\BaseConnection->query('CREATE TABLE `u...')
#4 C:\wamp64\www\palava_hut\app\Database\Migrations\2023-01-01-000000_CreateUsersTable.php(54): CodeIgniter\Database\Forge->createTable('users')
#5 C:\wamp64\www\palava_hut\system\Database\MigrationRunner.php(866): App\Database\Migrations\CreateUsersTable->up()
#6 C:\wamp64\www\palava_hut\system\Database\MigrationRunner.php(182): CodeIgniter\Database\MigrationRunner->migrate('up', Object(stdClass))
#7 C:\wamp64\www\palava_hut\system\Commands\Database\Migrate.php(85): CodeIgniter\Database\MigrationRunner->latest(NULL)
#8 C:\wamp64\www\palava_hut\system\CLI\Commands.php(70): CodeIgniter\Commands\Database\Migrate->run(Array)
#9 C:\wamp64\www\palava_hut\system\CLI\Console.php(48): CodeIgniter\CLI\Commands->run('migrate', Array)
#10 C:\wamp64\www\palava_hut\system\Boot.php(360): CodeIgniter\CLI\Console->run()
#11 C:\wamp64\www\palava_hut\system\Boot.php(104): CodeIgniter\Boot::runCommand(Object(CodeIgniter\CLI\Console))
#12 C:\wamp64\www\palava_hut\spark(84): CodeIgniter\Boot::bootSpark(Object(Config\Paths))
#13 {main}
ERROR - 2025-02-07 00:58:34 --> mysqli_sql_exception: Invalid default value for 'created_at' in C:\wamp64\www\palava_hut\system\Database\MySQLi\Connection.php:327
Stack trace:
#0 C:\wamp64\www\palava_hut\system\Database\MySQLi\Connection.php(327): mysqli->query('CREATE TABLE `u...', 0)
#1 C:\wamp64\www\palava_hut\system\Database\BaseConnection.php(738): CodeIgniter\Database\MySQLi\Connection->execute('CREATE TABLE `u...')
#2 C:\wamp64\www\palava_hut\system\Database\BaseConnection.php(652): CodeIgniter\Database\BaseConnection->simpleQuery('CREATE TABLE `u...')
#3 C:\wamp64\www\palava_hut\system\Database\Forge.php(570): CodeIgniter\Database\BaseConnection->query('CREATE TABLE `u...')
#4 C:\wamp64\www\palava_hut\app\Database\Migrations\2023-01-01-000000_CreateUsersTable.php(54): CodeIgniter\Database\Forge->createTable('users')
#5 C:\wamp64\www\palava_hut\system\Database\MigrationRunner.php(866): App\Database\Migrations\CreateUsersTable->up()
#6 C:\wamp64\www\palava_hut\system\Database\MigrationRunner.php(182): CodeIgniter\Database\MigrationRunner->migrate('up', Object(stdClass))
#7 C:\wamp64\www\palava_hut\system\Commands\Database\Migrate.php(85): CodeIgniter\Database\MigrationRunner->latest(NULL)
#8 C:\wamp64\www\palava_hut\system\CLI\Commands.php(70): CodeIgniter\Commands\Database\Migrate->run(Array)
#9 C:\wamp64\www\palava_hut\system\CLI\Console.php(48): CodeIgniter\CLI\Commands->run('migrate', Array)
#10 C:\wamp64\www\palava_hut\system\Boot.php(360): CodeIgniter\CLI\Console->run()
#11 C:\wamp64\www\palava_hut\system\Boot.php(104): CodeIgniter\Boot::runCommand(Object(CodeIgniter\CLI\Console))
#12 C:\wamp64\www\palava_hut\spark(84): CodeIgniter\Boot::bootSpark(Object(Config\Paths))
#13 {main}
ERROR - 2025-02-07 01:06:34 --> mysqli_sql_exception: Invalid default value for 'created_at' in C:\wamp64\www\palava_hut\system\Database\MySQLi\Connection.php:327
Stack trace:
#0 C:\wamp64\www\palava_hut\system\Database\MySQLi\Connection.php(327): mysqli->query('CREATE TABLE `u...', 0)
#1 C:\wamp64\www\palava_hut\system\Database\BaseConnection.php(738): CodeIgniter\Database\MySQLi\Connection->execute('CREATE TABLE `u...')
#2 C:\wamp64\www\palava_hut\system\Database\BaseConnection.php(652): CodeIgniter\Database\BaseConnection->simpleQuery('CREATE TABLE `u...')
#3 C:\wamp64\www\palava_hut\system\Database\Forge.php(570): CodeIgniter\Database\BaseConnection->query('CREATE TABLE `u...')
#4 C:\wamp64\www\palava_hut\app\Database\Migrations\2023-01-01-000000_CreateUsersTable.php(54): CodeIgniter\Database\Forge->createTable('users')
#5 C:\wamp64\www\palava_hut\system\Database\MigrationRunner.php(866): App\Database\Migrations\CreateUsersTable->up()
#6 C:\wamp64\www\palava_hut\system\Database\MigrationRunner.php(182): CodeIgniter\Database\MigrationRunner->migrate('up', Object(stdClass))
#7 C:\wamp64\www\palava_hut\system\Commands\Database\Migrate.php(85): CodeIgniter\Database\MigrationRunner->latest(NULL)
#8 C:\wamp64\www\palava_hut\system\CLI\Commands.php(70): CodeIgniter\Commands\Database\Migrate->run(Array)
#9 C:\wamp64\www\palava_hut\system\CLI\Console.php(48): CodeIgniter\CLI\Commands->run('migrate', Array)
#10 C:\wamp64\www\palava_hut\system\Boot.php(360): CodeIgniter\CLI\Console->run()
#11 C:\wamp64\www\palava_hut\system\Boot.php(104): CodeIgniter\Boot::runCommand(Object(CodeIgniter\CLI\Console))
#12 C:\wamp64\www\palava_hut\spark(84): CodeIgniter\Boot::bootSpark(Object(Config\Paths))
#13 {main}
ERROR - 2025-02-07 01:09:26 --> mysqli_sql_exception: Invalid default value for 'created_at' in C:\wamp64\www\palava_hut\system\Database\MySQLi\Connection.php:327
Stack trace:
#0 C:\wamp64\www\palava_hut\system\Database\MySQLi\Connection.php(327): mysqli->query('CREATE TABLE `u...', 0)
#1 C:\wamp64\www\palava_hut\system\Database\BaseConnection.php(738): CodeIgniter\Database\MySQLi\Connection->execute('CREATE TABLE `u...')
#2 C:\wamp64\www\palava_hut\system\Database\BaseConnection.php(652): CodeIgniter\Database\BaseConnection->simpleQuery('CREATE TABLE `u...')
#3 C:\wamp64\www\palava_hut\system\Database\Forge.php(570): CodeIgniter\Database\BaseConnection->query('CREATE TABLE `u...')
#4 C:\wamp64\www\palava_hut\app\Database\Migrations\2023-01-01-000000_CreateUsersTable.php(54): CodeIgniter\Database\Forge->createTable('users')
#5 C:\wamp64\www\palava_hut\system\Database\MigrationRunner.php(866): App\Database\Migrations\CreateUsersTable->up()
#6 C:\wamp64\www\palava_hut\system\Database\MigrationRunner.php(182): CodeIgniter\Database\MigrationRunner->migrate('up', Object(stdClass))
#7 C:\wamp64\www\palava_hut\system\Commands\Database\Migrate.php(85): CodeIgniter\Database\MigrationRunner->latest(NULL)
#8 C:\wamp64\www\palava_hut\system\CLI\Commands.php(70): CodeIgniter\Commands\Database\Migrate->run(Array)
#9 C:\wamp64\www\palava_hut\system\CLI\Console.php(48): CodeIgniter\CLI\Commands->run('migrate', Array)
#10 C:\wamp64\www\palava_hut\system\Boot.php(360): CodeIgniter\CLI\Console->run()
#11 C:\wamp64\www\palava_hut\system\Boot.php(104): CodeIgniter\Boot::runCommand(Object(CodeIgniter\CLI\Console))
#12 C:\wamp64\www\palava_hut\spark(84): CodeIgniter\Boot::bootSpark(Object(Config\Paths))
#13 {main}
ERROR - 2025-02-07 01:13:14 --> mysqli_sql_exception: Invalid default value for 'created_at' in C:\wamp64\www\palava_hut\system\Database\MySQLi\Connection.php:327
Stack trace:
#0 C:\wamp64\www\palava_hut\system\Database\MySQLi\Connection.php(327): mysqli->query('CREATE TABLE `u...', 0)
#1 C:\wamp64\www\palava_hut\system\Database\BaseConnection.php(738): CodeIgniter\Database\MySQLi\Connection->execute('CREATE TABLE `u...')
#2 C:\wamp64\www\palava_hut\system\Database\BaseConnection.php(652): CodeIgniter\Database\BaseConnection->simpleQuery('CREATE TABLE `u...')
#3 C:\wamp64\www\palava_hut\system\Database\Forge.php(570): CodeIgniter\Database\BaseConnection->query('CREATE TABLE `u...')
#4 C:\wamp64\www\palava_hut\app\Database\Migrations\2023-01-01-000000_CreateUsersTable.php(54): CodeIgniter\Database\Forge->createTable('users')
#5 C:\wamp64\www\palava_hut\system\Database\MigrationRunner.php(866): App\Database\Migrations\CreateUsersTable->up()
#6 C:\wamp64\www\palava_hut\system\Database\MigrationRunner.php(182): CodeIgniter\Database\MigrationRunner->migrate('up', Object(stdClass))
#7 C:\wamp64\www\palava_hut\system\Commands\Database\Migrate.php(85): CodeIgniter\Database\MigrationRunner->latest(NULL)
#8 C:\wamp64\www\palava_hut\system\CLI\Commands.php(70): CodeIgniter\Commands\Database\Migrate->run(Array)
#9 C:\wamp64\www\palava_hut\system\CLI\Console.php(48): CodeIgniter\CLI\Commands->run('migrate', Array)
#10 C:\wamp64\www\palava_hut\system\Boot.php(360): CodeIgniter\CLI\Console->run()
#11 C:\wamp64\www\palava_hut\system\Boot.php(104): CodeIgniter\Boot::runCommand(Object(CodeIgniter\CLI\Console))
#12 C:\wamp64\www\palava_hut\spark(84): CodeIgniter\Boot::bootSpark(Object(Config\Paths))
#13 {main}
ERROR - 2025-02-07 01:26:36 --> mysqli_sql_exception: Invalid default value for 'created_at' in C:\wamp64\www\palava_hut\system\Database\MySQLi\Connection.php:327
Stack trace:
#0 C:\wamp64\www\palava_hut\system\Database\MySQLi\Connection.php(327): mysqli->query('CREATE TABLE `u...', 0)
#1 C:\wamp64\www\palava_hut\system\Database\BaseConnection.php(738): CodeIgniter\Database\MySQLi\Connection->execute('CREATE TABLE `u...')
#2 C:\wamp64\www\palava_hut\system\Database\BaseConnection.php(652): CodeIgniter\Database\BaseConnection->simpleQuery('CREATE TABLE `u...')
#3 C:\wamp64\www\palava_hut\system\Database\Forge.php(570): CodeIgniter\Database\BaseConnection->query('CREATE TABLE `u...')
#4 C:\wamp64\www\palava_hut\app\Database\Migrations\2023-01-01-000000_CreateUsersTable.php(54): CodeIgniter\Database\Forge->createTable('users')
#5 C:\wamp64\www\palava_hut\system\Database\MigrationRunner.php(866): App\Database\Migrations\CreateUsersTable->up()
#6 C:\wamp64\www\palava_hut\system\Database\MigrationRunner.php(182): CodeIgniter\Database\MigrationRunner->migrate('up', Object(stdClass))
#7 C:\wamp64\www\palava_hut\system\Commands\Database\Migrate.php(85): CodeIgniter\Database\MigrationRunner->latest(NULL)
#8 C:\wamp64\www\palava_hut\system\CLI\Commands.php(70): CodeIgniter\Commands\Database\Migrate->run(Array)
#9 C:\wamp64\www\palava_hut\system\CLI\Console.php(48): CodeIgniter\CLI\Commands->run('migrate', Array)
#10 C:\wamp64\www\palava_hut\system\Boot.php(360): CodeIgniter\CLI\Console->run()
#11 C:\wamp64\www\palava_hut\system\Boot.php(104): CodeIgniter\Boot::runCommand(Object(CodeIgniter\CLI\Console))
#12 C:\wamp64\www\palava_hut\spark(84): CodeIgniter\Boot::bootSpark(Object(Config\Paths))
#13 {main}
ERROR - 2025-02-07 01:34:28 --> mysqli_sql_exception: Invalid default value for 'created_at' in C:\wamp64\www\palava_hut\system\Database\MySQLi\Connection.php:327
Stack trace:
#0 C:\wamp64\www\palava_hut\system\Database\MySQLi\Connection.php(327): mysqli->query('CREATE TABLE `u...', 0)
#1 C:\wamp64\www\palava_hut\system\Database\BaseConnection.php(738): CodeIgniter\Database\MySQLi\Connection->execute('CREATE TABLE `u...')
#2 C:\wamp64\www\palava_hut\system\Database\BaseConnection.php(652): CodeIgniter\Database\BaseConnection->simpleQuery('CREATE TABLE `u...')
#3 C:\wamp64\www\palava_hut\system\Database\Forge.php(570): CodeIgniter\Database\BaseConnection->query('CREATE TABLE `u...')
#4 C:\wamp64\www\palava_hut\app\Database\Migrations\2023-01-01-000000_CreateUsersTable.php(54): CodeIgniter\Database\Forge->createTable('users')
#5 C:\wamp64\www\palava_hut\system\Database\MigrationRunner.php(866): App\Database\Migrations\CreateUsersTable->up()
#6 C:\wamp64\www\palava_hut\system\Database\MigrationRunner.php(182): CodeIgniter\Database\MigrationRunner->migrate('up', Object(stdClass))
#7 C:\wamp64\www\palava_hut\system\Commands\Database\Migrate.php(85): CodeIgniter\Database\MigrationRunner->latest(NULL)
#8 C:\wamp64\www\palava_hut\system\CLI\Commands.php(70): CodeIgniter\Commands\Database\Migrate->run(Array)
#9 C:\wamp64\www\palava_hut\system\CLI\Console.php(48): CodeIgniter\CLI\Commands->run('migrate', Array)
#10 C:\wamp64\www\palava_hut\system\Boot.php(360): CodeIgniter\CLI\Console->run()
#11 C:\wamp64\www\palava_hut\system\Boot.php(104): CodeIgniter\Boot::runCommand(Object(CodeIgniter\CLI\Console))
#12 C:\wamp64\www\palava_hut\spark(84): CodeIgniter\Boot::bootSpark(Object(Config\Paths))
#13 {main}
ERROR - 2025-02-07 01:43:14 --> mysqli_sql_exception: Invalid default value for 'created_at' in C:\wamp64\www\palava_hut\system\Database\MySQLi\Connection.php:327
Stack trace:
#0 C:\wamp64\www\palava_hut\system\Database\MySQLi\Connection.php(327): mysqli->query('CREATE TABLE `u...', 0)
#1 C:\wamp64\www\palava_hut\system\Database\BaseConnection.php(738): CodeIgniter\Database\MySQLi\Connection->execute('CREATE TABLE `u...')
#2 C:\wamp64\www\palava_hut\system\Database\BaseConnection.php(652): CodeIgniter\Database\BaseConnection->simpleQuery('CREATE TABLE `u...')
#3 C:\wamp64\www\palava_hut\system\Database\Forge.php(570): CodeIgniter\Database\BaseConnection->query('CREATE TABLE `u...')
#4 C:\wamp64\www\palava_hut\app\Database\Migrations\2023-01-01-000000_CreateUsersTable.php(54): CodeIgniter\Database\Forge->createTable('users')
#5 C:\wamp64\www\palava_hut\system\Database\MigrationRunner.php(866): App\Database\Migrations\CreateUsersTable->up()
#6 C:\wamp64\www\palava_hut\system\Database\MigrationRunner.php(182): CodeIgniter\Database\MigrationRunner->migrate('up', Object(stdClass))
#7 C:\wamp64\www\palava_hut\system\Commands\Database\Migrate.php(85): CodeIgniter\Database\MigrationRunner->latest(NULL)
#8 C:\wamp64\www\palava_hut\system\CLI\Commands.php(70): CodeIgniter\Commands\Database\Migrate->run(Array)
#9 C:\wamp64\www\palava_hut\system\CLI\Console.php(48): CodeIgniter\CLI\Commands->run('migrate', Array)
#10 C:\wamp64\www\palava_hut\system\Boot.php(360): CodeIgniter\CLI\Console->run()
#11 C:\wamp64\www\palava_hut\system\Boot.php(104): CodeIgniter\Boot::runCommand(Object(CodeIgniter\CLI\Console))
#12 C:\wamp64\www\palava_hut\spark(84): CodeIgniter\Boot::bootSpark(Object(Config\Paths))
#13 {main}
CRITICAL - 2025-02-07 02:15:31 --> ErrorException: Cannot declare class App\Database\Migrations\CreateUsersTable, because the name is already in use
[Method: CLI, Route: migrate]
in APPPATH\Database\Migrations\2023-01-01-000001_CreateUsersTable.php on line 8.
 1 [internal function]: CodeIgniter\Debug\Exceptions->shutdownHandler()
CRITICAL - 2025-02-07 02:16:08 --> ErrorException: Cannot declare class App\Database\Migrations\CreateUsersTable, because the name is already in use
[Method: CLI, Route: migrate]
in APPPATH\Database\Migrations\2023-01-01-000001_CreateUsersTable.php on line 8.
 1 [internal function]: CodeIgniter\Debug\Exceptions->shutdownHandler()
CRITICAL - 2025-02-07 02:16:41 --> ErrorException: Cannot declare class App\Database\Migrations\CreateUsersTable, because the name is already in use
[Method: CLI, Route: migrate]
in APPPATH\Database\Migrations\2023-01-01-000001_CreateUsersTable.php on line 8.
 1 [internal function]: CodeIgniter\Debug\Exceptions->shutdownHandler()
ERROR - 2025-02-07 02:19:46 --> mysqli_sql_exception: Table 'users' already exists in C:\wamp64\www\palava_hut\system\Database\MySQLi\Connection.php:327
Stack trace:
#0 C:\wamp64\www\palava_hut\system\Database\MySQLi\Connection.php(327): mysqli->query('CREATE TABLE `u...', 0)
#1 C:\wamp64\www\palava_hut\system\Database\BaseConnection.php(738): CodeIgniter\Database\MySQLi\Connection->execute('CREATE TABLE `u...')
#2 C:\wamp64\www\palava_hut\system\Database\BaseConnection.php(652): CodeIgniter\Database\BaseConnection->simpleQuery('CREATE TABLE `u...')
#3 C:\wamp64\www\palava_hut\system\Database\Forge.php(570): CodeIgniter\Database\BaseConnection->query('CREATE TABLE `u...')
#4 C:\wamp64\www\palava_hut\app\Database\Migrations\2023-01-01-000001_CreateUsersTable.php(61): CodeIgniter\Database\Forge->createTable('users')
#5 C:\wamp64\www\palava_hut\system\Database\MigrationRunner.php(866): App\Database\Migrations\CreateUsersTable->up()
#6 C:\wamp64\www\palava_hut\system\Database\MigrationRunner.php(182): CodeIgniter\Database\MigrationRunner->migrate('up', Object(stdClass))
#7 C:\wamp64\www\palava_hut\system\Commands\Database\Migrate.php(85): CodeIgniter\Database\MigrationRunner->latest(NULL)
#8 C:\wamp64\www\palava_hut\system\CLI\Commands.php(70): CodeIgniter\Commands\Database\Migrate->run(Array)
#9 C:\wamp64\www\palava_hut\system\CLI\Console.php(48): CodeIgniter\CLI\Commands->run('migrate', Array)
#10 C:\wamp64\www\palava_hut\system\Boot.php(360): CodeIgniter\CLI\Console->run()
#11 C:\wamp64\www\palava_hut\system\Boot.php(104): CodeIgniter\Boot::runCommand(Object(CodeIgniter\CLI\Console))
#12 C:\wamp64\www\palava_hut\spark(84): CodeIgniter\Boot::bootSpark(Object(Config\Paths))
#13 {main}
ERROR - 2025-02-07 02:20:18 --> mysqli_sql_exception: Specified key was too long; max key length is 1000 bytes in C:\wamp64\www\palava_hut\system\Database\MySQLi\Connection.php:327
Stack trace:
#0 C:\wamp64\www\palava_hut\system\Database\MySQLi\Connection.php(327): mysqli->query('CREATE TABLE `u...', 0)
#1 C:\wamp64\www\palava_hut\system\Database\BaseConnection.php(738): CodeIgniter\Database\MySQLi\Connection->execute('CREATE TABLE `u...')
#2 C:\wamp64\www\palava_hut\system\Database\BaseConnection.php(652): CodeIgniter\Database\BaseConnection->simpleQuery('CREATE TABLE `u...')
#3 C:\wamp64\www\palava_hut\system\Database\Forge.php(570): CodeIgniter\Database\BaseConnection->query('CREATE TABLE `u...')
#4 C:\wamp64\www\palava_hut\app\Database\Migrations\2023-01-01-000001_CreateUsersTable.php(61): CodeIgniter\Database\Forge->createTable('users')
#5 C:\wamp64\www\palava_hut\system\Database\MigrationRunner.php(866): App\Database\Migrations\CreateUsersTable->up()
#6 C:\wamp64\www\palava_hut\system\Database\MigrationRunner.php(182): CodeIgniter\Database\MigrationRunner->migrate('up', Object(stdClass))
#7 C:\wamp64\www\palava_hut\system\Commands\Database\Migrate.php(85): CodeIgniter\Database\MigrationRunner->latest(NULL)
#8 C:\wamp64\www\palava_hut\system\CLI\Commands.php(70): CodeIgniter\Commands\Database\Migrate->run(Array)
#9 C:\wamp64\www\palava_hut\system\CLI\Console.php(48): CodeIgniter\CLI\Commands->run('migrate', Array)
#10 C:\wamp64\www\palava_hut\system\Boot.php(360): CodeIgniter\CLI\Console->run()
#11 C:\wamp64\www\palava_hut\system\Boot.php(104): CodeIgniter\Boot::runCommand(Object(CodeIgniter\CLI\Console))
#12 C:\wamp64\www\palava_hut\spark(84): CodeIgniter\Boot::bootSpark(Object(Config\Paths))
#13 {main}
CRITICAL - 2025-02-07 02:23:40 --> ErrorException: Cannot declare class App\Database\Migrations\CreateUsersTable, because the name is already in use
[Method: CLI, Route: migrate]
in APPPATH\Database\Migrations\2023-01-01-000001_CreateUsersTable.php on line 8.
 1 [internal function]: CodeIgniter\Debug\Exceptions->shutdownHandler()
ERROR - 2025-02-07 02:25:05 --> mysqli_sql_exception: Specified key was too long; max key length is 1000 bytes in C:\wamp64\www\palava_hut\system\Database\MySQLi\Connection.php:327
Stack trace:
#0 C:\wamp64\www\palava_hut\system\Database\MySQLi\Connection.php(327): mysqli->query('CREATE TABLE `p...', 0)
#1 C:\wamp64\www\palava_hut\system\Database\BaseConnection.php(738): CodeIgniter\Database\MySQLi\Connection->execute('CREATE TABLE `p...')
#2 C:\wamp64\www\palava_hut\system\Database\BaseConnection.php(652): CodeIgniter\Database\BaseConnection->simpleQuery('CREATE TABLE `p...')
#3 C:\wamp64\www\palava_hut\system\Database\Forge.php(570): CodeIgniter\Database\BaseConnection->query('CREATE TABLE `p...')
#4 C:\wamp64\www\palava_hut\app\Database\Migrations\2023-01-01-000004_CreateProjectsTable.php(79): CodeIgniter\Database\Forge->createTable('projects')
#5 C:\wamp64\www\palava_hut\system\Database\MigrationRunner.php(866): App\Database\Migrations\CreateProjectsTable->up()
#6 C:\wamp64\www\palava_hut\system\Database\MigrationRunner.php(182): CodeIgniter\Database\MigrationRunner->migrate('up', Object(stdClass))
#7 C:\wamp64\www\palava_hut\system\Commands\Database\Migrate.php(85): CodeIgniter\Database\MigrationRunner->latest(NULL)
#8 C:\wamp64\www\palava_hut\system\CLI\Commands.php(70): CodeIgniter\Commands\Database\Migrate->run(Array)
#9 C:\wamp64\www\palava_hut\system\CLI\Console.php(48): CodeIgniter\CLI\Commands->run('migrate', Array)
#10 C:\wamp64\www\palava_hut\system\Boot.php(360): CodeIgniter\CLI\Console->run()
#11 C:\wamp64\www\palava_hut\system\Boot.php(104): CodeIgniter\Boot::runCommand(Object(CodeIgniter\CLI\Console))
#12 C:\wamp64\www\palava_hut\spark(84): CodeIgniter\Boot::bootSpark(Object(Config\Paths))
#13 {main}
ERROR - 2025-02-07 02:26:41 --> mysqli_sql_exception: Specified key was too long; max key length is 1000 bytes in C:\wamp64\www\palava_hut\system\Database\MySQLi\Connection.php:327
Stack trace:
#0 C:\wamp64\www\palava_hut\system\Database\MySQLi\Connection.php(327): mysqli->query('CREATE TABLE `p...', 0)
#1 C:\wamp64\www\palava_hut\system\Database\BaseConnection.php(738): CodeIgniter\Database\MySQLi\Connection->execute('CREATE TABLE `p...')
#2 C:\wamp64\www\palava_hut\system\Database\BaseConnection.php(652): CodeIgniter\Database\BaseConnection->simpleQuery('CREATE TABLE `p...')
#3 C:\wamp64\www\palava_hut\system\Database\Forge.php(570): CodeIgniter\Database\BaseConnection->query('CREATE TABLE `p...')
#4 C:\wamp64\www\palava_hut\app\Database\Migrations\2023-01-01-000004_CreateProjectsTable.php(79): CodeIgniter\Database\Forge->createTable('projects')
#5 C:\wamp64\www\palava_hut\system\Database\MigrationRunner.php(866): App\Database\Migrations\CreateProjectsTable->up()
#6 C:\wamp64\www\palava_hut\system\Database\MigrationRunner.php(182): CodeIgniter\Database\MigrationRunner->migrate('up', Object(stdClass))
#7 C:\wamp64\www\palava_hut\system\Commands\Database\Migrate.php(85): CodeIgniter\Database\MigrationRunner->latest(NULL)
#8 C:\wamp64\www\palava_hut\system\CLI\Commands.php(70): CodeIgniter\Commands\Database\Migrate->run(Array)
#9 C:\wamp64\www\palava_hut\system\CLI\Console.php(48): CodeIgniter\CLI\Commands->run('migrate', Array)
#10 C:\wamp64\www\palava_hut\system\Boot.php(360): CodeIgniter\CLI\Console->run()
#11 C:\wamp64\www\palava_hut\system\Boot.php(104): CodeIgniter\Boot::runCommand(Object(CodeIgniter\CLI\Console))
#12 C:\wamp64\www\palava_hut\spark(84): CodeIgniter\Boot::bootSpark(Object(Config\Paths))
#13 {main}
ERROR - 2025-02-07 02:28:11 --> mysqli_sql_exception: Specified key was too long; max key length is 1000 bytes in C:\wamp64\www\palava_hut\system\Database\MySQLi\Connection.php:327
Stack trace:
#0 C:\wamp64\www\palava_hut\system\Database\MySQLi\Connection.php(327): mysqli->query('CREATE TABLE `p...', 0)
#1 C:\wamp64\www\palava_hut\system\Database\BaseConnection.php(738): CodeIgniter\Database\MySQLi\Connection->execute('CREATE TABLE `p...')
#2 C:\wamp64\www\palava_hut\system\Database\BaseConnection.php(652): CodeIgniter\Database\BaseConnection->simpleQuery('CREATE TABLE `p...')
#3 C:\wamp64\www\palava_hut\system\Database\Forge.php(570): CodeIgniter\Database\BaseConnection->query('CREATE TABLE `p...')
#4 C:\wamp64\www\palava_hut\app\Database\Migrations\2023-01-01-000004_CreateProjectsTable.php(79): CodeIgniter\Database\Forge->createTable('projects')
#5 C:\wamp64\www\palava_hut\system\Database\MigrationRunner.php(866): App\Database\Migrations\CreateProjectsTable->up()
#6 C:\wamp64\www\palava_hut\system\Database\MigrationRunner.php(182): CodeIgniter\Database\MigrationRunner->migrate('up', Object(stdClass))
#7 C:\wamp64\www\palava_hut\system\Commands\Database\Migrate.php(85): CodeIgniter\Database\MigrationRunner->latest(NULL)
#8 C:\wamp64\www\palava_hut\system\CLI\Commands.php(70): CodeIgniter\Commands\Database\Migrate->run(Array)
#9 C:\wamp64\www\palava_hut\system\CLI\Console.php(48): CodeIgniter\CLI\Commands->run('migrate', Array)
#10 C:\wamp64\www\palava_hut\system\Boot.php(360): CodeIgniter\CLI\Console->run()
#11 C:\wamp64\www\palava_hut\system\Boot.php(104): CodeIgniter\Boot::runCommand(Object(CodeIgniter\CLI\Console))
#12 C:\wamp64\www\palava_hut\spark(84): CodeIgniter\Boot::bootSpark(Object(Config\Paths))
#13 {main}
ERROR - 2025-02-07 02:36:31 --> mysqli_sql_exception: Specified key was too long; max key length is 1000 bytes in C:\wamp64\www\palava_hut\system\Database\MySQLi\Connection.php:327
Stack trace:
#0 C:\wamp64\www\palava_hut\system\Database\MySQLi\Connection.php(327): mysqli->query('CREATE TABLE `p...', 0)
#1 C:\wamp64\www\palava_hut\system\Database\BaseConnection.php(738): CodeIgniter\Database\MySQLi\Connection->execute('CREATE TABLE `p...')
#2 C:\wamp64\www\palava_hut\system\Database\BaseConnection.php(652): CodeIgniter\Database\BaseConnection->simpleQuery('CREATE TABLE `p...')
#3 C:\wamp64\www\palava_hut\system\Database\Forge.php(570): CodeIgniter\Database\BaseConnection->query('CREATE TABLE `p...')
#4 C:\wamp64\www\palava_hut\app\Database\Migrations\2023-01-01-000004_CreateProjectsTable.php(79): CodeIgniter\Database\Forge->createTable('projects')
#5 C:\wamp64\www\palava_hut\system\Database\MigrationRunner.php(866): App\Database\Migrations\CreateProjectsTable->up()
#6 C:\wamp64\www\palava_hut\system\Database\MigrationRunner.php(182): CodeIgniter\Database\MigrationRunner->migrate('up', Object(stdClass))
#7 C:\wamp64\www\palava_hut\system\Commands\Database\Migrate.php(85): CodeIgniter\Database\MigrationRunner->latest(NULL)
#8 C:\wamp64\www\palava_hut\system\CLI\Commands.php(70): CodeIgniter\Commands\Database\Migrate->run(Array)
#9 C:\wamp64\www\palava_hut\system\CLI\Console.php(48): CodeIgniter\CLI\Commands->run('migrate', Array)
#10 C:\wamp64\www\palava_hut\system\Boot.php(360): CodeIgniter\CLI\Console->run()
#11 C:\wamp64\www\palava_hut\system\Boot.php(104): CodeIgniter\Boot::runCommand(Object(CodeIgniter\CLI\Console))
#12 C:\wamp64\www\palava_hut\spark(84): CodeIgniter\Boot::bootSpark(Object(Config\Paths))
#13 {main}
