CRITICAL - 2025-02-17 00:05:08 --> Error: Call to undefined method App\Libraries\Template::render()
[Method: GET, Route: settings/google_maps]
in APPPATH\Controllers\Settings.php on line 1376.
 1 SYSTEMPATH\CodeIgniter.php(933): App\Controllers\Settings->google_maps()
 2 SYSTEMPATH\CodeIgniter.php(509): CodeIgniter\CodeIgniter->runController(Object(App\Controllers\Settings))
 3 SYSTEMPATH\CodeIgniter.php(355): CodeIgniter\CodeIgniter->handleRequest(null, Object(Config\Cache), false)
 4 SYSTEMPATH\Boot.php(334): CodeIgniter\CodeIgniter->run()
 5 SYSTEMPATH\Boot.php(67): CodeIgniter\Boot::runCodeIgniter(Object(CodeIgniter\CodeIgniter))
 6 FCPATH\index.php(75): CodeIgniter\Boot::bootWeb(Object(Config\Paths))
CRITICAL - 2025-02-17 00:05:50 --> Error: Call to undefined method App\Libraries\Template::render()
[Method: GET, Route: settings/google_maps]
in APPPATH\Controllers\Settings.php on line 1376.
 1 SYSTEMPATH\CodeIgniter.php(933): App\Controllers\Settings->google_maps()
 2 SYSTEMPATH\CodeIgniter.php(509): CodeIgniter\CodeIgniter->runController(Object(App\Controllers\Settings))
 3 SYSTEMPATH\CodeIgniter.php(355): CodeIgniter\CodeIgniter->handleRequest(null, Object(Config\Cache), false)
 4 SYSTEMPATH\Boot.php(334): CodeIgniter\CodeIgniter->run()
 5 SYSTEMPATH\Boot.php(67): CodeIgniter\Boot::runCodeIgniter(Object(CodeIgniter\CodeIgniter))
 6 FCPATH\index.php(75): CodeIgniter\Boot::bootWeb(Object(Config\Paths))
CRITICAL - 2025-02-17 00:06:38 --> Error: Call to undefined method App\Libraries\Template::render()
[Method: GET, Route: settings/google_maps]
in APPPATH\Controllers\Settings.php on line 1376.
 1 SYSTEMPATH\CodeIgniter.php(933): App\Controllers\Settings->google_maps()
 2 SYSTEMPATH\CodeIgniter.php(509): CodeIgniter\CodeIgniter->runController(Object(App\Controllers\Settings))
 3 SYSTEMPATH\CodeIgniter.php(355): CodeIgniter\CodeIgniter->handleRequest(null, Object(Config\Cache), false)
 4 SYSTEMPATH\Boot.php(334): CodeIgniter\CodeIgniter->run()
 5 SYSTEMPATH\Boot.php(67): CodeIgniter\Boot::runCodeIgniter(Object(CodeIgniter\CodeIgniter))
 6 FCPATH\index.php(75): CodeIgniter\Boot::bootWeb(Object(Config\Paths))
CRITICAL - 2025-02-17 00:27:38 --> Error: Call to undefined method App\Libraries\Template::render()
[Method: GET, Route: settings/google_maps]
in APPPATH\Controllers\Settings.php on line 1376.
 1 SYSTEMPATH\CodeIgniter.php(933): App\Controllers\Settings->google_maps()
 2 SYSTEMPATH\CodeIgniter.php(509): CodeIgniter\CodeIgniter->runController(Object(App\Controllers\Settings))
 3 SYSTEMPATH\CodeIgniter.php(355): CodeIgniter\CodeIgniter->handleRequest(null, Object(Config\Cache), false)
 4 SYSTEMPATH\Boot.php(334): CodeIgniter\CodeIgniter->run()
 5 SYSTEMPATH\Boot.php(67): CodeIgniter\Boot::runCodeIgniter(Object(CodeIgniter\CodeIgniter))
 6 FCPATH\index.php(75): CodeIgniter\Boot::bootWeb(Object(Config\Paths))
CRITICAL - 2025-02-17 00:27:44 --> Error: Call to undefined method App\Libraries\Template::render()
[Method: GET, Route: settings/google_maps]
in APPPATH\Controllers\Settings.php on line 1376.
 1 SYSTEMPATH\CodeIgniter.php(933): App\Controllers\Settings->google_maps()
 2 SYSTEMPATH\CodeIgniter.php(509): CodeIgniter\CodeIgniter->runController(Object(App\Controllers\Settings))
 3 SYSTEMPATH\CodeIgniter.php(355): CodeIgniter\CodeIgniter->handleRequest(null, Object(Config\Cache), false)
 4 SYSTEMPATH\Boot.php(334): CodeIgniter\CodeIgniter->run()
 5 SYSTEMPATH\Boot.php(67): CodeIgniter\Boot::runCodeIgniter(Object(CodeIgniter\CodeIgniter))
 6 FCPATH\index.php(75): CodeIgniter\Boot::bootWeb(Object(Config\Paths))
CRITICAL - 2025-02-17 00:57:59 --> Error: Call to undefined method App\Libraries\Template::render()
[Method: GET, Route: settings/google_maps]
in APPPATH\Controllers\Settings.php on line 1376.
 1 SYSTEMPATH\CodeIgniter.php(933): App\Controllers\Settings->google_maps()
 2 SYSTEMPATH\CodeIgniter.php(509): CodeIgniter\CodeIgniter->runController(Object(App\Controllers\Settings))
 3 SYSTEMPATH\CodeIgniter.php(355): CodeIgniter\CodeIgniter->handleRequest(null, Object(Config\Cache), false)
 4 SYSTEMPATH\Boot.php(334): CodeIgniter\CodeIgniter->run()
 5 SYSTEMPATH\Boot.php(67): CodeIgniter\Boot::runCodeIgniter(Object(CodeIgniter\CodeIgniter))
 6 FCPATH\index.php(75): CodeIgniter\Boot::bootWeb(Object(Config\Paths))
