CRITICAL - 2025-02-09 00:37:19 --> Error: Call to undefined function get_uri()
[Method: GET, Route: /]
in APPPATH\Views\includes\left_menu.php on line 4.
 1 SYSTEMPATH\View\View.php(234): include()
 2 SYSTEMPATH\View\View.php(237): CodeIgniter\View\View->CodeIgniter\View\{closure}()
 3 SYSTEMPATH\Common.php(1171): CodeIgniter\View\View->render('includes/left_menu', [], true)
 4 APPPATH\Libraries\Left_menu.php(16): view('includes/left_menu', [...], [])
 5 APPPATH\Helpers\menu_helper.php(10): App\Libraries\Left_menu->rander_left_menu()
 6 APPPATH\Config\Events.php(28): initialize_left_menu()
 7 SYSTEMPATH\Events\Events.php(155): CodeIgniter\Events\Events::Config\{closure}()
 8 SYSTEMPATH\CodeIgniter.php(340): CodeIgniter\Events\Events::trigger('pre_system')
 9 SYSTEMPATH\Boot.php(334): CodeIgniter\CodeIgniter->run()
10 SYSTEMPATH\Boot.php(67): CodeIgniter\Boot::runCodeIgniter(Object(CodeIgniter\CodeIgniter))
11 FCPATH\index.php(75): CodeIgniter\Boot::bootWeb(Object(Config\Paths))
CRITICAL - 2025-02-09 00:41:48 --> Error: Call to undefined function Config\initialize_left_menu()
[Method: GET, Route: /]
in APPPATH\Config\Events.php on line 28.
 1 SYSTEMPATH\Events\Events.php(155): CodeIgniter\Events\Events::Config\{closure}()
 2 SYSTEMPATH\CodeIgniter.php(340): CodeIgniter\Events\Events::trigger('pre_system')
 3 SYSTEMPATH\Boot.php(334): CodeIgniter\CodeIgniter->run()
 4 SYSTEMPATH\Boot.php(67): CodeIgniter\Boot::runCodeIgniter(Object(CodeIgniter\CodeIgniter))
 5 FCPATH\index.php(75): CodeIgniter\Boot::bootWeb(Object(Config\Paths))
CRITICAL - 2025-02-09 00:42:55 --> Error: Call to undefined function Config\initialize_left_menu()
[Method: GET, Route: /]
in APPPATH\Config\Events.php on line 28.
 1 SYSTEMPATH\Events\Events.php(155): CodeIgniter\Events\Events::Config\{closure}()
 2 SYSTEMPATH\CodeIgniter.php(340): CodeIgniter\Events\Events::trigger('pre_system')
 3 SYSTEMPATH\Boot.php(334): CodeIgniter\CodeIgniter->run()
 4 SYSTEMPATH\Boot.php(67): CodeIgniter\Boot::runCodeIgniter(Object(CodeIgniter\CodeIgniter))
 5 FCPATH\index.php(75): CodeIgniter\Boot::bootWeb(Object(Config\Paths))
CRITICAL - 2025-02-09 00:46:03 --> ErrorException: Undefined variable $left_menu
[Method: GET, Route: /]
in APPPATH\Views\includes\left_menu.php on line 51.
 1 APPPATH\Views\includes\left_menu.php(51): CodeIgniter\Debug\Exceptions->errorHandler(2, 'Undefined variable $left_menu', 'C:\\wamp64\\www\\palava_hut\\app\\Views\\includes\\left_menu.php', 51)
 2 SYSTEMPATH\View\View.php(234): include('C:\\wamp64\\www\\palava_hut\\app\\Views\\includes\\left_menu.php')
 3 SYSTEMPATH\View\View.php(237): CodeIgniter\View\View->CodeIgniter\View\{closure}()
 4 SYSTEMPATH\Common.php(1171): CodeIgniter\View\View->render('includes/left_menu', [], true)
 5 APPPATH\Libraries\Left_menu.php(16): view('includes/left_menu', [...], [])
 6 APPPATH\Libraries\Template.php(39): App\Libraries\Left_menu->rander_left_menu()
 7 APPPATH\Controllers\Dashboard.php(42): App\Libraries\Template->rander('dashboards/custom_dashboards/view', [...])
 8 SYSTEMPATH\CodeIgniter.php(933): App\Controllers\Dashboard->index()
 9 SYSTEMPATH\CodeIgniter.php(509): CodeIgniter\CodeIgniter->runController(Object(App\Controllers\Dashboard))
10 SYSTEMPATH\CodeIgniter.php(355): CodeIgniter\CodeIgniter->handleRequest(null, Object(Config\Cache), false)
11 SYSTEMPATH\Boot.php(334): CodeIgniter\CodeIgniter->run()
12 SYSTEMPATH\Boot.php(67): CodeIgniter\Boot::runCodeIgniter(Object(CodeIgniter\CodeIgniter))
13 FCPATH\index.php(75): CodeIgniter\Boot::bootWeb(Object(Config\Paths))
CRITICAL - 2025-02-09 00:46:45 --> ErrorException: Undefined variable $left_menu
[Method: GET, Route: /]
in APPPATH\Views\includes\left_menu.php on line 51.
 1 APPPATH\Views\includes\left_menu.php(51): CodeIgniter\Debug\Exceptions->errorHandler(2, 'Undefined variable $left_menu', 'C:\\wamp64\\www\\palava_hut\\app\\Views\\includes\\left_menu.php', 51)
 2 SYSTEMPATH\View\View.php(234): include('C:\\wamp64\\www\\palava_hut\\app\\Views\\includes\\left_menu.php')
 3 SYSTEMPATH\View\View.php(237): CodeIgniter\View\View->CodeIgniter\View\{closure}()
 4 SYSTEMPATH\Common.php(1171): CodeIgniter\View\View->render('includes/left_menu', [], true)
 5 APPPATH\Libraries\Left_menu.php(16): view('includes/left_menu', [...], [])
 6 APPPATH\Libraries\Template.php(39): App\Libraries\Left_menu->rander_left_menu()
 7 APPPATH\Controllers\Dashboard.php(42): App\Libraries\Template->rander('dashboards/custom_dashboards/view', [...])
 8 SYSTEMPATH\CodeIgniter.php(933): App\Controllers\Dashboard->index()
 9 SYSTEMPATH\CodeIgniter.php(509): CodeIgniter\CodeIgniter->runController(Object(App\Controllers\Dashboard))
10 SYSTEMPATH\CodeIgniter.php(355): CodeIgniter\CodeIgniter->handleRequest(null, Object(Config\Cache), false)
11 SYSTEMPATH\Boot.php(334): CodeIgniter\CodeIgniter->run()
12 SYSTEMPATH\Boot.php(67): CodeIgniter\Boot::runCodeIgniter(Object(CodeIgniter\CodeIgniter))
13 FCPATH\index.php(75): CodeIgniter\Boot::bootWeb(Object(Config\Paths))
CRITICAL - 2025-02-09 00:51:02 --> ErrorException: Undefined variable $menu_items
[Method: GET, Route: /]
in APPPATH\Views\includes\left_menu.php on line 7.
 1 APPPATH\Views\includes\left_menu.php(7): CodeIgniter\Debug\Exceptions->errorHandler(2, 'Undefined variable $menu_items', 'C:\\wamp64\\www\\palava_hut\\app\\Views\\includes\\left_menu.php', 7)
 2 SYSTEMPATH\View\View.php(234): include('C:\\wamp64\\www\\palava_hut\\app\\Views\\includes\\left_menu.php')
 3 SYSTEMPATH\View\View.php(237): CodeIgniter\View\View->CodeIgniter\View\{closure}()
 4 SYSTEMPATH\Common.php(1171): CodeIgniter\View\View->render('includes/left_menu', [], true)
 5 APPPATH\Libraries\Left_menu.php(16): view('includes/left_menu', [...], [])
 6 APPPATH\Libraries\Template.php(39): App\Libraries\Left_menu->rander_left_menu()
 7 APPPATH\Controllers\Dashboard.php(42): App\Libraries\Template->rander('dashboards/custom_dashboards/view', [...])
 8 SYSTEMPATH\CodeIgniter.php(933): App\Controllers\Dashboard->index()
 9 SYSTEMPATH\CodeIgniter.php(509): CodeIgniter\CodeIgniter->runController(Object(App\Controllers\Dashboard))
10 SYSTEMPATH\CodeIgniter.php(355): CodeIgniter\CodeIgniter->handleRequest(null, Object(Config\Cache), false)
11 SYSTEMPATH\Boot.php(334): CodeIgniter\CodeIgniter->run()
12 SYSTEMPATH\Boot.php(67): CodeIgniter\Boot::runCodeIgniter(Object(CodeIgniter\CodeIgniter))
13 FCPATH\index.php(75): CodeIgniter\Boot::bootWeb(Object(Config\Paths))
CRITICAL - 2025-02-09 00:52:37 --> Error: Cannot use object of type stdClass as array
[Method: GET, Route: /]
in APPPATH\Views\includes\left_menu.php on line 31.
 1 SYSTEMPATH\View\View.php(234): include()
 2 SYSTEMPATH\View\View.php(237): CodeIgniter\View\View->CodeIgniter\View\{closure}()
 3 SYSTEMPATH\Common.php(1171): CodeIgniter\View\View->render('includes/left_menu', [], true)
 4 APPPATH\Libraries\Left_menu.php(16): view('includes/left_menu', [...], [])
 5 APPPATH\Libraries\Template.php(39): App\Libraries\Left_menu->rander_left_menu()
 6 APPPATH\Controllers\Dashboard.php(42): App\Libraries\Template->rander('dashboards/custom_dashboards/view', [...])
 7 SYSTEMPATH\CodeIgniter.php(933): App\Controllers\Dashboard->index()
 8 SYSTEMPATH\CodeIgniter.php(509): CodeIgniter\CodeIgniter->runController(Object(App\Controllers\Dashboard))
 9 SYSTEMPATH\CodeIgniter.php(355): CodeIgniter\CodeIgniter->handleRequest(null, Object(Config\Cache), false)
10 SYSTEMPATH\Boot.php(334): CodeIgniter\CodeIgniter->run()
11 SYSTEMPATH\Boot.php(67): CodeIgniter\Boot::runCodeIgniter(Object(CodeIgniter\CodeIgniter))
12 FCPATH\index.php(75): CodeIgniter\Boot::bootWeb(Object(Config\Paths))
CRITICAL - 2025-02-09 00:54:35 --> Error: Call to undefined function initialize_left_menu()
[Method: GET, Route: /]
in SYSTEMPATH\Events\Events.php on line 155.
 1 SYSTEMPATH\CodeIgniter.php(340): CodeIgniter\Events\Events::trigger('pre_system')
 2 SYSTEMPATH\Boot.php(334): CodeIgniter\CodeIgniter->run()
 3 SYSTEMPATH\Boot.php(67): CodeIgniter\Boot::runCodeIgniter(Object(CodeIgniter\CodeIgniter))
 4 FCPATH\index.php(75): CodeIgniter\Boot::bootWeb(Object(Config\Paths))
CRITICAL - 2025-02-09 00:55:21 --> Error: Call to undefined function initialize_left_menu()
[Method: GET, Route: /]
in SYSTEMPATH\Events\Events.php on line 155.
 1 SYSTEMPATH\CodeIgniter.php(340): CodeIgniter\Events\Events::trigger('pre_system')
 2 SYSTEMPATH\Boot.php(334): CodeIgniter\CodeIgniter->run()
 3 SYSTEMPATH\Boot.php(67): CodeIgniter\Boot::runCodeIgniter(Object(CodeIgniter\CodeIgniter))
 4 FCPATH\index.php(75): CodeIgniter\Boot::bootWeb(Object(Config\Paths))
CRITICAL - 2025-02-09 00:55:27 --> Error: Call to undefined function get_setting()
[Method: GET, Route: /]
in APPPATH\Views\includes\left_menu.php on line 11.
 1 SYSTEMPATH\View\View.php(234): include()
 2 SYSTEMPATH\View\View.php(237): CodeIgniter\View\View->CodeIgniter\View\{closure}()
 3 SYSTEMPATH\Common.php(1171): CodeIgniter\View\View->render('includes/left_menu', [], true)
 4 APPPATH\Libraries\Left_menu.php(16): view('includes/left_menu', [...], [])
 5 APPPATH\Config\Events.php(30): App\Libraries\Left_menu->rander_left_menu()
 6 APPPATH\Config\Events.php(36): Config\initialize_left_menu()
 7 SYSTEMPATH\Events\Events.php(155): CodeIgniter\Events\Events::Config\{closure}()
 8 SYSTEMPATH\CodeIgniter.php(340): CodeIgniter\Events\Events::trigger('pre_system')
 9 SYSTEMPATH\Boot.php(334): CodeIgniter\CodeIgniter->run()
10 SYSTEMPATH\Boot.php(67): CodeIgniter\Boot::runCodeIgniter(Object(CodeIgniter\CodeIgniter))
11 FCPATH\index.php(75): CodeIgniter\Boot::bootWeb(Object(Config\Paths))
CRITICAL - 2025-02-09 00:56:17 --> Error: Call to undefined function get_setting()
[Method: GET, Route: /]
in APPPATH\Views\includes\left_menu.php on line 11.
 1 SYSTEMPATH\View\View.php(234): include()
 2 SYSTEMPATH\View\View.php(237): CodeIgniter\View\View->CodeIgniter\View\{closure}()
 3 SYSTEMPATH\Common.php(1171): CodeIgniter\View\View->render('includes/left_menu', [], true)
 4 APPPATH\Libraries\Left_menu.php(16): view('includes/left_menu', [...], [])
 5 APPPATH\Config\Events.php(30): App\Libraries\Left_menu->rander_left_menu()
 6 APPPATH\Config\Events.php(36): Config\initialize_left_menu()
 7 SYSTEMPATH\Events\Events.php(155): CodeIgniter\Events\Events::Config\{closure}()
 8 SYSTEMPATH\CodeIgniter.php(340): CodeIgniter\Events\Events::trigger('pre_system')
 9 SYSTEMPATH\Boot.php(334): CodeIgniter\CodeIgniter->run()
10 SYSTEMPATH\Boot.php(67): CodeIgniter\Boot::runCodeIgniter(Object(CodeIgniter\CodeIgniter))
11 FCPATH\index.php(75): CodeIgniter\Boot::bootWeb(Object(Config\Paths))
CRITICAL - 2025-02-09 00:56:59 --> Error: Call to a member function get_active_menu() on string
[Method: GET, Route: /]
in APPPATH\Views\includes\left_menu.php on line 57.
 1 SYSTEMPATH\View\View.php(234): include()
 2 SYSTEMPATH\View\View.php(237): CodeIgniter\View\View->CodeIgniter\View\{closure}()
 3 SYSTEMPATH\Common.php(1171): CodeIgniter\View\View->render('includes/left_menu', [], true)
 4 APPPATH\Libraries\Left_menu.php(16): view('includes/left_menu', [...], [])
 5 APPPATH\Config\Events.php(30): App\Libraries\Left_menu->rander_left_menu()
 6 APPPATH\Config\Events.php(36): Config\initialize_left_menu()
 7 SYSTEMPATH\Events\Events.php(155): CodeIgniter\Events\Events::Config\{closure}()
 8 SYSTEMPATH\CodeIgniter.php(340): CodeIgniter\Events\Events::trigger('pre_system')
 9 SYSTEMPATH\Boot.php(334): CodeIgniter\CodeIgniter->run()
10 SYSTEMPATH\Boot.php(67): CodeIgniter\Boot::runCodeIgniter(Object(CodeIgniter\CodeIgniter))
11 FCPATH\index.php(75): CodeIgniter\Boot::bootWeb(Object(Config\Paths))
CRITICAL - 2025-02-09 00:58:41 --> Error: Call to undefined function app_lang()
[Method: GET, Route: /]
in APPPATH\Views\includes\left_menu.php on line 60.
 1 SYSTEMPATH\View\View.php(234): include()
 2 SYSTEMPATH\View\View.php(237): CodeIgniter\View\View->CodeIgniter\View\{closure}()
 3 SYSTEMPATH\Common.php(1171): CodeIgniter\View\View->render('includes/left_menu', [], true)
 4 APPPATH\Libraries\Left_menu.php(16): view('includes/left_menu', [...], [])
 5 APPPATH\Config\Events.php(30): App\Libraries\Left_menu->rander_left_menu()
 6 APPPATH\Config\Events.php(36): Config\initialize_left_menu()
 7 SYSTEMPATH\Events\Events.php(155): CodeIgniter\Events\Events::Config\{closure}()
 8 SYSTEMPATH\CodeIgniter.php(340): CodeIgniter\Events\Events::trigger('pre_system')
 9 SYSTEMPATH\Boot.php(334): CodeIgniter\CodeIgniter->run()
10 SYSTEMPATH\Boot.php(67): CodeIgniter\Boot::runCodeIgniter(Object(CodeIgniter\CodeIgniter))
11 FCPATH\index.php(75): CodeIgniter\Boot::bootWeb(Object(Config\Paths))
CRITICAL - 2025-02-09 01:00:22 --> Error: Call to undefined function get_active_menu()
[Method: GET, Route: /]
in APPPATH\Views\includes\left_menu.php on line 74.
 1 SYSTEMPATH\View\View.php(234): include()
 2 SYSTEMPATH\View\View.php(237): CodeIgniter\View\View->CodeIgniter\View\{closure}()
 3 SYSTEMPATH\Common.php(1171): CodeIgniter\View\View->render('includes/left_menu', [], true)
 4 APPPATH\Libraries\Left_menu.php(16): view('includes/left_menu', [...], [])
 5 APPPATH\Libraries\Template.php(39): App\Libraries\Left_menu->rander_left_menu()
 6 APPPATH\Controllers\Dashboard.php(42): App\Libraries\Template->rander('dashboards/custom_dashboards/view', [...])
 7 SYSTEMPATH\CodeIgniter.php(933): App\Controllers\Dashboard->index()
 8 SYSTEMPATH\CodeIgniter.php(509): CodeIgniter\CodeIgniter->runController(Object(App\Controllers\Dashboard))
 9 SYSTEMPATH\CodeIgniter.php(355): CodeIgniter\CodeIgniter->handleRequest(null, Object(Config\Cache), false)
10 SYSTEMPATH\Boot.php(334): CodeIgniter\CodeIgniter->run()
11 SYSTEMPATH\Boot.php(67): CodeIgniter\Boot::runCodeIgniter(Object(CodeIgniter\CodeIgniter))
12 FCPATH\index.php(75): CodeIgniter\Boot::bootWeb(Object(Config\Paths))
